[2018-12-11 00:32:24,238] [INFO] [xinxideMacBook-Pro.local][conftest.py - line:27] 自动化测试开始!
[2018-12-11 00:32:24,238] [INFO] [xinxideMacBook-Pro.local][driver.py - line:24] a3f8ca3a
[2018-12-11 00:32:24,383] [INFO] [xinxideMacBook-Pro.local][driver.py - line:33] 连接设备:a3f8ca3a
[2018-12-11 00:32:24,384] [INFO] [xinxideMacBook-Pro.local][conftest.py - line:29] driver初始化
[2018-12-11 00:32:37,289] [INFO] [xinxideMacBook-Pro.local][base.py - line:53] 点击元素:发现
[2018-12-11 00:32:37,290] [INFO] [xinxideMacBook-Pro.local][test_find.py - line:26] 初始化首页模块
[2018-12-11 00:32:37,292] [INFO] [xinxideMacBook-Pro.local][test_find.py - line:32] 测试发现
[2018-12-11 00:32:37,294] [INFO] [xinxideMacBook-Pro.local][test_find.py - line:28] 结束首页模块
[2018-12-11 00:32:37,294] [INFO] [xinxideMacBook-Pro.local][conftest.py - line:35] 自动化测试结束!
[2018-12-11 12:00:30,575] [INFO] [bogon][conftest.py - line:27] 自动化测试开始!
[2018-12-11 12:00:30,576] [INFO] [bogon][driver.py - line:24] a3f8ca3a
[2018-12-11 12:00:30,913] [INFO] [bogon][driver.py - line:33] 连接设备:a3f8ca3a
[2018-12-11 12:00:30,914] [INFO] [bogon][conftest.py - line:29] driver初始化
[2018-12-11 12:00:40,183] [INFO] [bogon][base.py - line:53] 点击元素:发现
[2018-12-11 12:00:40,184] [INFO] [bogon][test_find.py - line:26] 初始化首页模块
[2018-12-11 12:00:40,187] [INFO] [bogon][test_find.py - line:32] 测试发现
[2018-12-11 12:00:40,189] [INFO] [bogon][test_find.py - line:28] 结束首页模块
[2018-12-11 12:00:40,189] [INFO] [bogon][conftest.py - line:35] 自动化测试结束!
[2018-12-11 12:00:51,308] [INFO] [bogon][conftest.py - line:27] 自动化测试开始!
[2018-12-11 12:00:51,308] [INFO] [bogon][driver.py - line:24] a3f8ca3a
[2018-12-11 12:00:51,453] [INFO] [bogon][driver.py - line:33] 连接设备:a3f8ca3a
[2018-12-11 12:00:51,454] [INFO] [bogon][conftest.py - line:29] driver初始化
[2018-12-11 12:00:58,687] [INFO] [bogon][base.py - line:53] 点击元素:发现
[2018-12-11 12:00:58,690] [INFO] [bogon][test_find.py - line:26] 初始化首页模块
[2018-12-11 12:00:58,692] [INFO] [bogon][test_find.py - line:32] 测试发现
[2018-12-11 12:00:58,694] [INFO] [bogon][test_find.py - line:28] 结束首页模块
[2018-12-11 12:00:58,694] [INFO] [bogon][conftest.py - line:35] 自动化测试结束!
[2018-12-11 12:13:02,819] [INFO] [bogon][conftest.py - line:27] 自动化测试开始!
[2018-12-11 12:13:02,819] [INFO] [bogon][driver.py - line:24] a3f8ca3a
[2018-12-11 12:13:03,014] [INFO] [bogon][driver.py - line:33] 连接设备:a3f8ca3a
[2018-12-11 12:13:03,014] [INFO] [bogon][conftest.py - line:29] driver初始化
[2018-12-11 12:13:12,088] [INFO] [bogon][base.py - line:53] 点击元素:发现
[2018-12-11 12:13:12,089] [INFO] [bogon][test_find.py - line:26] 初始化首页模块
[2018-12-11 12:13:12,092] [INFO] [bogon][test_find.py - line:32] 测试发现
[2018-12-11 12:13:12,093] [INFO] [bogon][test_find.py - line:28] 结束首页模块
[2018-12-11 12:13:12,094] [INFO] [bogon][conftest.py - line:35] 自动化测试结束!
[2018-12-11 12:13:43,903] [INFO] [bogon][conftest.py - line:27] 自动化测试开始!
[2018-12-11 12:13:43,903] [INFO] [bogon][driver.py - line:24] a3f8ca3a
[2018-12-11 12:13:44,067] [INFO] [bogon][driver.py - line:33] 连接设备:a3f8ca3a
[2018-12-11 12:13:44,068] [INFO] [bogon][conftest.py - line:29] driver初始化
[2018-12-11 12:13:48,027] [INFO] [bogon][conftest.py - line:35] 自动化测试结束!
[2018-12-11 12:14:26,557] [INFO] [bogon][conftest.py - line:27] 自动化测试开始!
[2018-12-11 12:14:26,557] [INFO] [bogon][driver.py - line:24] a3f8ca3a
[2018-12-11 12:14:26,707] [INFO] [bogon][driver.py - line:33] 连接设备:a3f8ca3a
[2018-12-11 12:14:26,708] [INFO] [bogon][conftest.py - line:29] driver初始化
[2018-12-11 12:14:30,693] [INFO] [bogon][test_find.py - line:35] 测试发现1
[2018-12-11 12:14:30,695] [INFO] [bogon][conftest.py - line:35] 自动化测试结束!
[2018-12-11 12:15:02,733] [INFO] [bogon][conftest.py - line:27] 自动化测试开始!
[2018-12-11 12:15:02,734] [INFO] [bogon][driver.py - line:24] a3f8ca3a
[2018-12-11 12:15:02,887] [INFO] [bogon][driver.py - line:33] 连接设备:a3f8ca3a
[2018-12-11 12:15:02,888] [INFO] [bogon][conftest.py - line:29] driver初始化
[2018-12-11 12:15:06,863] [INFO] [bogon][test_find.py - line:35] 测试发现1
[2018-12-11 12:15:06,865] [INFO] [bogon][conftest.py - line:35] 自动化测试结束!
[2018-12-11 12:16:55,432] [INFO] [bogon][conftest.py - line:27] 自动化测试开始!
[2018-12-11 12:16:55,432] [INFO] [bogon][driver.py - line:24] a3f8ca3a
[2018-12-11 12:16:55,577] [INFO] [bogon][driver.py - line:33] 连接设备:a3f8ca3a
[2018-12-11 12:16:55,578] [INFO] [bogon][conftest.py - line:29] driver初始化
[2018-12-11 12:16:59,708] [INFO] [bogon][test_find.py - line:35] 测试发现1
[2018-12-11 12:16:59,709] [INFO] [bogon][conftest.py - line:35] 自动化测试结束!
[2018-12-11 13:16:22,954] [INFO] [bogon][conftest.py - line:27] 自动化测试开始!
[2018-12-11 13:16:22,955] [INFO] [bogon][driver.py - line:24] a3f8ca3a
[2018-12-11 13:16:23,282] [INFO] [bogon][driver.py - line:33] 连接设备:a3f8ca3a
[2018-12-11 13:16:23,283] [INFO] [bogon][conftest.py - line:29] driver初始化
[2018-12-11 13:16:27,875] [INFO] [bogon][test_find.py - line:38] 测试发现2
[2018-12-11 13:16:27,877] [INFO] [bogon][conftest.py - line:35] 自动化测试结束!
[2018-12-11 13:16:28,006] [INFO] [bogon][conftest.py - line:27] 自动化测试开始!
[2018-12-11 13:16:28,006] [INFO] [bogon][driver.py - line:24] a3f8ca3a
[2018-12-11 13:16:28,152] [INFO] [bogon][driver.py - line:33] 连接设备:a3f8ca3a
[2018-12-11 13:16:28,153] [INFO] [bogon][conftest.py - line:29] driver初始化
[2018-12-11 13:16:32,023] [INFO] [bogon][test_find.py - line:35] 测试发现1
[2018-12-11 13:16:32,025] [INFO] [bogon][conftest.py - line:35] 自动化测试结束!
[2018-12-11 13:18:33,470] [INFO] [bogon][conftest.py - line:27] 自动化测试开始!
[2018-12-11 13:18:33,470] [INFO] [bogon][driver.py - line:24] a3f8ca3a
[2018-12-11 13:18:33,632] [INFO] [bogon][driver.py - line:33] 连接设备:a3f8ca3a
[2018-12-11 13:18:33,633] [INFO] [bogon][conftest.py - line:29] driver初始化
[2018-12-11 13:18:37,554] [INFO] [bogon][test_find.py - line:38] 测试发现2
[2018-12-11 13:18:37,555] [INFO] [bogon][conftest.py - line:35] 自动化测试结束!
[2018-12-11 13:18:37,811] [INFO] [bogon][conftest.py - line:27] 自动化测试开始!
[2018-12-11 13:18:37,812] [INFO] [bogon][driver.py - line:24] a3f8ca3a
[2018-12-11 13:18:37,932] [INFO] [bogon][driver.py - line:33] 连接设备:a3f8ca3a
[2018-12-11 13:18:37,933] [INFO] [bogon][conftest.py - line:29] driver初始化
[2018-12-11 13:18:41,809] [INFO] [bogon][test_find.py - line:35] 测试发现1
[2018-12-11 13:18:41,810] [INFO] [bogon][conftest.py - line:35] 自动化测试结束!
[2018-12-11 14:02:24,978] [INFO] [bogon][conftest.py - line:27] 自动化测试开始!
[2018-12-11 14:02:24,979] [INFO] [bogon][driver.py - line:24] a3f8ca3a
[2018-12-11 14:02:25,219] [INFO] [bogon][driver.py - line:33] 连接设备:a3f8ca3a
[2018-12-11 14:02:25,220] [INFO] [bogon][conftest.py - line:29] driver初始化
[2018-12-11 14:02:44,966] [INFO] [bogon][conftest.py - line:34] 自动化测试结束!
[2018-12-11 14:03:29,522] [INFO] [bogon][conftest.py - line:27] 自动化测试开始!
[2018-12-11 14:03:29,522] [INFO] [bogon][driver.py - line:24] a3f8ca3a
[2018-12-11 14:03:29,662] [INFO] [bogon][driver.py - line:33] 连接设备:a3f8ca3a
[2018-12-11 14:03:29,663] [INFO] [bogon][conftest.py - line:29] driver初始化
[2018-12-11 14:03:49,194] [INFO] [bogon][conftest.py - line:34] 自动化测试结束!
[2018-12-11 14:04:31,280] [INFO] [bogon][conftest.py - line:27] 自动化测试开始!
[2018-12-11 14:04:31,280] [INFO] [bogon][driver.py - line:24] a3f8ca3a
[2018-12-11 14:04:31,413] [INFO] [bogon][driver.py - line:33] 连接设备:a3f8ca3a
[2018-12-11 14:04:31,414] [INFO] [bogon][conftest.py - line:29] driver初始化
[2018-12-11 14:04:51,062] [INFO] [bogon][conftest.py - line:34] 自动化测试结束!
[2018-12-11 14:05:44,107] [INFO] [bogon][conftest.py - line:27] 自动化测试开始!
[2018-12-11 14:05:44,107] [INFO] [bogon][driver.py - line:24] a3f8ca3a
[2018-12-11 14:05:44,243] [INFO] [bogon][driver.py - line:33] 连接设备:a3f8ca3a
[2018-12-11 14:05:44,244] [INFO] [bogon][conftest.py - line:29] driver初始化
[2018-12-11 14:05:59,219] [INFO] [bogon][base.py - line:53] 点击元素:发现
[2018-12-11 14:05:59,220] [INFO] [bogon][test_find.py - line:26] 初始化首页模块
[2018-12-11 14:05:59,223] [INFO] [bogon][test_find.py - line:36] 测试发现
[2018-12-11 14:05:59,224] [INFO] [bogon][test_find.py - line:28] 结束首页模块
[2018-12-11 14:05:59,224] [INFO] [bogon][conftest.py - line:34] 自动化测试结束!
[2018-12-11 15:19:03,678] [INFO] [bogon][conftest.py - line:27] 自动化测试开始!
[2018-12-11 15:19:03,678] [INFO] [bogon][driver.py - line:24] a3f8ca3a
[2018-12-11 15:19:03,679] [INFO] [bogon][driver.py - line:34] 连接设备:a3f8ca3a
[2018-12-11 15:19:03,680] [INFO] [bogon][conftest.py - line:29] driver初始化
[2018-12-11 15:19:15,671] [INFO] [bogon][base.py - line:53] 点击元素:发现
[2018-12-11 15:19:15,672] [INFO] [bogon][test_find.py - line:26] 初始化首页模块
[2018-12-11 15:19:15,673] [INFO] [bogon][test_find.py - line:36] 测试发现
[2018-12-11 15:19:15,675] [INFO] [bogon][test_find.py - line:28] 结束首页模块
[2018-12-11 15:19:15,675] [INFO] [bogon][conftest.py - line:34] 自动化测试结束!
[2018-12-11 15:21:37,556] [INFO] [bogon][run.py - line:20] 初始化运行环境!
[2018-12-11 15:21:39,111] [INFO] [bogon][conftest.py - line:27] 自动化测试开始!
[2018-12-11 15:21:39,111] [INFO] [bogon][driver.py - line:24] a3f8ca3a
[2018-12-11 15:21:39,112] [INFO] [bogon][driver.py - line:34] 连接设备:a3f8ca3a
[2018-12-11 15:21:39,112] [INFO] [bogon][conftest.py - line:29] driver初始化
[2018-12-11 15:21:52,963] [INFO] [bogon][conftest.py - line:34] 自动化测试结束!
[2018-12-11 15:22:31,487] [INFO] [bogon][run.py - line:20] 初始化运行环境!
[2018-12-11 15:22:33,001] [INFO] [bogon][conftest.py - line:27] 自动化测试开始!
[2018-12-11 15:22:33,002] [INFO] [bogon][driver.py - line:24] a3f8ca3a
[2018-12-11 15:22:33,003] [INFO] [bogon][driver.py - line:34] 连接设备:a3f8ca3a
[2018-12-11 15:22:33,003] [INFO] [bogon][conftest.py - line:29] driver初始化
[2018-12-11 15:22:41,080] [INFO] [bogon][base.py - line:53] 点击元素:我的
[2018-12-11 15:22:41,209] [INFO] [bogon][test_login.py - line:27] 初始化登录模块
[2018-12-11 15:22:42,919] [INFO] [bogon][base.py - line:53] 点击元素:头像
[2018-12-11 15:22:43,350] [INFO] [bogon][base.py - line:67] 账号
[2018-12-11 15:22:44,076] [INFO] [bogon][base.py - line:67] 密码
[2018-12-11 15:22:45,599] [INFO] [bogon][base.py - line:53] 点击元素:登录
[2018-12-11 15:22:47,048] [INFO] [bogon][base.py - line:173] 断言我的发布元素存在,失败!
[2018-12-11 15:22:47,120] [INFO] [bogon][test_login.py - line:29] 结束登录模块
[2018-12-11 15:22:47,120] [INFO] [bogon][conftest.py - line:34] 自动化测试结束!
[2018-12-11 15:22:49,950] [INFO] [bogon][run.py - line:27] 报告地址:/Users/xinxi/PycharmProjects/atxdemo/reports/index.html
[2018-12-11 15:23:30,151] [INFO] [bogon][run.py - line:20] 初始化运行环境!
[2018-12-11 15:23:31,709] [INFO] [bogon][conftest.py - line:27] 自动化测试开始!
[2018-12-11 15:23:31,709] [INFO] [bogon][driver.py - line:24] a3f8ca3a
[2018-12-11 15:23:31,710] [INFO] [bogon][driver.py - line:34] 连接设备:a3f8ca3a
[2018-12-11 15:23:31,710] [INFO] [bogon][conftest.py - line:29] driver初始化
[2018-12-11 15:23:41,195] [INFO] [bogon][base.py - line:53] 点击元素:消息
[2018-12-11 15:23:41,428] [INFO] [bogon][test_news.py - line:24] 初始化消息模块
[2018-12-11 15:23:43,136] [INFO] [bogon][base.py - line:53] 点击元素:精选活动
[2018-12-11 15:23:43,138] [INFO] [bogon][test_news.py - line:26] 结束消息模块
[2018-12-11 15:23:43,138] [INFO] [bogon][conftest.py - line:34] 自动化测试结束!
[2018-12-11 15:23:43,379] [INFO] [bogon][conftest.py - line:27] 自动化测试开始!
[2018-12-11 15:23:43,379] [INFO] [bogon][driver.py - line:24] a3f8ca3a
[2018-12-11 15:23:43,380] [INFO] [bogon][driver.py - line:34] 连接设备:a3f8ca3a
[2018-12-11 15:23:43,380] [INFO] [bogon][conftest.py - line:29] driver初始化
[2018-12-11 15:23:50,718] [INFO] [bogon][base.py - line:53] 点击元素:发布
[2018-12-11 15:23:50,970] [INFO] [bogon][test_push.py - line:35] 初始化发布模块
[2018-12-11 15:23:52,550] [INFO] [bogon][base.py - line:53] 点击元素:装修建材
[2018-12-11 15:23:52,778] [INFO] [bogon][base.py - line:139] 点击返回
[2018-12-11 15:23:52,780] [INFO] [bogon][test_push.py - line:37] 结束发布模块
[2018-12-11 15:23:52,780] [INFO] [bogon][conftest.py - line:34] 自动化测试结束!
[2018-12-11 15:23:53,099] [INFO] [bogon][conftest.py - line:27] 自动化测试开始!
[2018-12-11 15:23:53,099] [INFO] [bogon][driver.py - line:24] a3f8ca3a
[2018-12-11 15:23:53,099] [INFO] [bogon][driver.py - line:34] 连接设备:a3f8ca3a
[2018-12-11 15:23:53,099] [INFO] [bogon][conftest.py - line:29] driver初始化
[2018-12-11 15:24:02,184] [INFO] [bogon][base.py - line:53] 点击元素:发布
[2018-12-11 15:24:02,385] [INFO] [bogon][test_push.py - line:35] 初始化发布模块
[2018-12-11 15:24:04,030] [INFO] [bogon][base.py - line:53] 点击元素:房产
[2018-12-11 15:24:04,247] [INFO] [bogon][base.py - line:139] 点击返回
[2018-12-11 15:24:04,248] [INFO] [bogon][test_push.py - line:37] 结束发布模块
[2018-12-11 15:24:04,249] [INFO] [bogon][conftest.py - line:34] 自动化测试结束!
[2018-12-11 15:24:04,426] [INFO] [bogon][conftest.py - line:27] 自动化测试开始!
[2018-12-11 15:24:04,427] [INFO] [bogon][driver.py - line:24] a3f8ca3a
[2018-12-11 15:24:04,428] [INFO] [bogon][driver.py - line:34] 连接设备:a3f8ca3a
[2018-12-11 15:24:04,428] [INFO] [bogon][conftest.py - line:29] driver初始化
[2018-12-11 15:24:12,942] [INFO] [bogon][base.py - line:53] 点击元素:发布
[2018-12-11 15:24:13,121] [INFO] [bogon][test_push.py - line:35] 初始化发布模块
[2018-12-11 15:24:14,677] [INFO] [bogon][base.py - line:53] 点击元素:本地服务
[2018-12-11 15:24:14,896] [INFO] [bogon][base.py - line:139] 点击返回
[2018-12-11 15:24:14,898] [INFO] [bogon][test_push.py - line:37] 结束发布模块
[2018-12-11 15:24:14,898] [INFO] [bogon][conftest.py - line:34] 自动化测试结束!
[2018-12-11 15:24:15,033] [INFO] [bogon][conftest.py - line:27] 自动化测试开始!
[2018-12-11 15:24:15,034] [INFO] [bogon][driver.py - line:24] a3f8ca3a
[2018-12-11 15:24:15,035] [INFO] [bogon][driver.py - line:34] 连接设备:a3f8ca3a
[2018-12-11 15:24:15,035] [INFO] [bogon][conftest.py - line:29] driver初始化
[2018-12-11 15:24:23,287] [INFO] [bogon][base.py - line:53] 点击元素:发布
[2018-12-11 15:24:23,434] [INFO] [bogon][test_push.py - line:35] 初始化发布模块
[2018-12-11 15:24:25,013] [INFO] [bogon][base.py - line:53] 点击元素:汽车服务
[2018-12-11 15:24:25,247] [INFO] [bogon][base.py - line:139] 点击返回
[2018-12-11 15:24:25,249] [INFO] [bogon][test_push.py - line:37] 结束发布模块
[2018-12-11 15:24:25,249] [INFO] [bogon][conftest.py - line:34] 自动化测试结束!
[2018-12-11 15:24:25,392] [INFO] [bogon][conftest.py - line:27] 自动化测试开始!
[2018-12-11 15:24:25,393] [INFO] [bogon][driver.py - line:24] a3f8ca3a
[2018-12-11 15:24:25,393] [INFO] [bogon][driver.py - line:34] 连接设备:a3f8ca3a
[2018-12-11 15:24:25,393] [INFO] [bogon][conftest.py - line:29] driver初始化
[2018-12-11 15:24:34,137] [INFO] [bogon][base.py - line:53] 点击元素:发布
[2018-12-11 15:24:34,317] [INFO] [bogon][test_push.py - line:35] 初始化发布模块
[2018-12-11 15:24:35,942] [INFO] [bogon][base.py - line:53] 点击元素:二手车
[2018-12-11 15:24:36,195] [INFO] [bogon][base.py - line:139] 点击返回
[2018-12-11 15:24:36,195] [INFO] [bogon][test_push.py - line:37] 结束发布模块
[2018-12-11 15:24:36,196] [INFO] [bogon][conftest.py - line:34] 自动化测试结束!
[2018-12-11 15:24:36,510] [INFO] [bogon][conftest.py - line:27] 自动化测试开始!
[2018-12-11 15:24:36,510] [INFO] [bogon][driver.py - line:24] a3f8ca3a
[2018-12-11 15:24:36,511] [INFO] [bogon][driver.py - line:34] 连接设备:a3f8ca3a
[2018-12-11 15:24:36,511] [INFO] [bogon][conftest.py - line:29] driver初始化
[2018-12-11 15:24:44,950] [INFO] [bogon][base.py - line:53] 点击元素:发布
[2018-12-11 15:24:45,310] [INFO] [bogon][test_push.py - line:35] 初始化发布模块
[2018-12-11 15:24:46,834] [INFO] [bogon][base.py - line:53] 点击元素:家政服务
[2018-12-11 15:24:47,057] [INFO] [bogon][base.py - line:139] 点击返回
[2018-12-11 15:24:47,058] [INFO] [bogon][test_push.py - line:37] 结束发布模块
[2018-12-11 15:24:47,058] [INFO] [bogon][conftest.py - line:34] 自动化测试结束!
[2018-12-11 15:24:47,265] [INFO] [bogon][conftest.py - line:27] 自动化测试开始!
[2018-12-11 15:24:47,266] [INFO] [bogon][driver.py - line:24] a3f8ca3a
[2018-12-11 15:24:47,266] [INFO] [bogon][driver.py - line:34] 连接设备:a3f8ca3a
[2018-12-11 15:24:47,266] [INFO] [bogon][conftest.py - line:29] driver初始化
[2018-12-11 15:24:56,225] [INFO] [bogon][base.py - line:53] 点击元素:发现
[2018-12-11 15:24:56,225] [INFO] [bogon][test_find.py - line:26] 初始化首页模块
[2018-12-11 15:24:56,227] [INFO] [bogon][test_find.py - line:36] 测试发现
[2018-12-11 15:24:56,228] [INFO] [bogon][test_find.py - line:28] 结束首页模块
[2018-12-11 15:24:56,229] [INFO] [bogon][conftest.py - line:34] 自动化测试结束!
[2018-12-11 15:24:56,396] [INFO] [bogon][conftest.py - line:27] 自动化测试开始!
[2018-12-11 15:24:56,396] [INFO] [bogon][driver.py - line:24] a3f8ca3a
[2018-12-11 15:24:56,397] [INFO] [bogon][driver.py - line:34] 连接设备:a3f8ca3a
[2018-12-11 15:24:56,397] [INFO] [bogon][conftest.py - line:29] driver初始化
[2018-12-11 15:25:05,878] [INFO] [bogon][base.py - line:53] 点击元素:我的
[2018-12-11 15:25:06,096] [INFO] [bogon][test_login.py - line:27] 初始化登录模块
[2018-12-11 15:25:07,720] [INFO] [bogon][base.py - line:53] 点击元素:头像
[2018-12-11 15:25:22,989] [INFO] [bogon][test_login.py - line:29] 结束登录模块
[2018-12-11 15:25:22,990] [INFO] [bogon][conftest.py - line:34] 自动化测试结束!
[2018-12-11 15:25:23,207] [INFO] [bogon][conftest.py - line:27] 自动化测试开始!
[2018-12-11 15:25:23,207] [INFO] [bogon][driver.py - line:24] a3f8ca3a
[2018-12-11 15:25:23,208] [INFO] [bogon][driver.py - line:34] 连接设备:a3f8ca3a
[2018-12-11 15:25:23,208] [INFO] [bogon][conftest.py - line:29] driver初始化
[2018-12-11 15:25:43,202] [INFO] [bogon][conftest.py - line:34] 自动化测试结束!
[2018-12-11 15:25:43,385] [INFO] [bogon][conftest.py - line:27] 自动化测试开始!
[2018-12-11 15:25:43,385] [INFO] [bogon][driver.py - line:24] a3f8ca3a
[2018-12-11 15:25:43,385] [INFO] [bogon][driver.py - line:34] 连接设备:a3f8ca3a
[2018-12-11 15:25:43,386] [INFO] [bogon][conftest.py - line:29] driver初始化
[2018-12-11 15:25:52,798] [INFO] [bogon][base.py - line:53] 点击元素:我的
[2018-12-11 15:25:52,930] [INFO] [bogon][test_login.py - line:27] 初始化登录模块
[2018-12-11 15:25:54,727] [INFO] [bogon][base.py - line:53] 点击元素:头像
[2018-12-11 15:26:10,971] [INFO] [bogon][test_login.py - line:29] 结束登录模块
[2018-12-11 15:26:10,972] [INFO] [bogon][conftest.py - line:34] 自动化测试结束!
[2018-12-11 15:26:11,202] [INFO] [bogon][conftest.py - line:27] 自动化测试开始!
[2018-12-11 15:26:11,203] [INFO] [bogon][driver.py - line:24] a3f8ca3a
[2018-12-11 15:26:11,204] [INFO] [bogon][driver.py - line:34] 连接设备:a3f8ca3a
[2018-12-11 15:26:11,205] [INFO] [bogon][conftest.py - line:29] driver初始化
[2018-12-11 15:26:15,451] [INFO] [bogon][test_home.py - line:24] 初始化首页模块
[2018-12-11 15:26:18,971] [INFO] [bogon][base.py - line:105] 向下滑动
[2018-12-11 15:26:18,971] [INFO] [bogon][base.py - line:130] 向下滑动
[2018-12-11 15:26:24,849] [INFO] [bogon][base.py - line:105] 向下滑动
[2018-12-11 15:26:24,851] [INFO] [bogon][base.py - line:130] 向下滑动
[2018-12-11 15:26:30,072] [INFO] [bogon][base.py - line:105] 向下滑动
[2018-12-11 15:26:30,072] [INFO] [bogon][base.py - line:130] 向下滑动
[2018-12-11 15:26:34,541] [INFO] [bogon][base.py - line:105] 向下滑动
[2018-12-11 15:26:34,544] [INFO] [bogon][base.py - line:130] 向下滑动
[2018-12-11 15:26:39,188] [INFO] [bogon][base.py - line:105] 向下滑动
[2018-12-11 15:26:39,188] [INFO] [bogon][base.py - line:130] 向下滑动
[2018-12-11 15:26:41,652] [INFO] [bogon][base.py - line:173] 断言推荐元素存在,失败!
[2018-12-11 15:26:41,661] [INFO] [bogon][test_home.py - line:26] 结束首页模块
[2018-12-11 15:26:41,661] [INFO] [bogon][conftest.py - line:34] 自动化测试结束!
[2018-12-11 15:26:41,856] [INFO] [bogon][conftest.py - line:27] 自动化测试开始!
[2018-12-11 15:26:41,856] [INFO] [bogon][driver.py - line:24] a3f8ca3a
[2018-12-11 15:26:41,857] [INFO] [bogon][driver.py - line:34] 连接设备:a3f8ca3a
[2018-12-11 15:26:41,857] [INFO] [bogon][conftest.py - line:29] driver初始化
[2018-12-11 15:26:46,079] [INFO] [bogon][test_home.py - line:24] 初始化首页模块
[2018-12-11 15:26:49,634] [INFO] [bogon][base.py - line:105] 向下滑动
[2018-12-11 15:26:49,634] [INFO] [bogon][base.py - line:130] 向下滑动
[2018-12-11 15:26:54,444] [INFO] [bogon][base.py - line:105] 向下滑动
[2018-12-11 15:26:54,445] [INFO] [bogon][base.py - line:130] 向下滑动
[2018-12-11 15:26:59,770] [INFO] [bogon][base.py - line:105] 向下滑动
[2018-12-11 15:26:59,771] [INFO] [bogon][base.py - line:130] 向下滑动
[2018-12-11 15:27:04,844] [INFO] [bogon][base.py - line:105] 向下滑动
[2018-12-11 15:27:04,844] [INFO] [bogon][base.py - line:130] 向下滑动
[2018-12-11 15:27:10,003] [INFO] [bogon][base.py - line:105] 向下滑动
[2018-12-11 15:27:10,003] [INFO] [bogon][base.py - line:130] 向下滑动
[2018-12-11 15:27:12,983] [INFO] [bogon][base.py - line:173] 断言推荐元素存在,失败!
[2018-12-11 15:27:12,995] [INFO] [bogon][test_home.py - line:26] 结束首页模块
[2018-12-11 15:27:12,996] [INFO] [bogon][conftest.py - line:34] 自动化测试结束!
[2018-12-11 15:27:13,158] [INFO] [bogon][conftest.py - line:27] 自动化测试开始!
[2018-12-11 15:27:13,158] [INFO] [bogon][driver.py - line:24] a3f8ca3a
[2018-12-11 15:27:13,159] [INFO] [bogon][driver.py - line:34] 连接设备:a3f8ca3a
[2018-12-11 15:27:13,159] [INFO] [bogon][conftest.py - line:29] driver初始化
[2018-12-11 15:27:17,411] [INFO] [bogon][test_home.py - line:24] 初始化首页模块
[2018-12-11 15:27:20,966] [INFO] [bogon][base.py - line:105] 向下滑动
[2018-12-11 15:27:20,966] [INFO] [bogon][base.py - line:130] 向下滑动
[2018-12-11 15:27:26,795] [INFO] [bogon][base.py - line:105] 向下滑动
[2018-12-11 15:27:26,796] [INFO] [bogon][base.py - line:130] 向下滑动
[2018-12-11 15:27:30,994] [INFO] [bogon][base.py - line:105] 向下滑动
[2018-12-11 15:27:30,994] [INFO] [bogon][base.py - line:130] 向下滑动
[2018-12-11 15:27:35,397] [INFO] [bogon][base.py - line:105] 向下滑动
[2018-12-11 15:27:35,398] [INFO] [bogon][base.py - line:130] 向下滑动
[2018-12-11 15:27:39,698] [INFO] [bogon][base.py - line:105] 向下滑动
[2018-12-11 15:27:39,698] [INFO] [bogon][base.py - line:130] 向下滑动
[2018-12-11 15:27:41,748] [INFO] [bogon][base.py - line:173] 断言推荐元素存在,失败!
[2018-12-11 15:27:41,757] [INFO] [bogon][test_home.py - line:26] 结束首页模块
[2018-12-11 15:27:41,757] [INFO] [bogon][conftest.py - line:34] 自动化测试结束!
[2018-12-11 15:27:41,983] [INFO] [bogon][conftest.py - line:27] 自动化测试开始!
[2018-12-11 15:27:41,983] [INFO] [bogon][driver.py - line:24] a3f8ca3a
[2018-12-11 15:27:41,983] [INFO] [bogon][driver.py - line:34] 连接设备:a3f8ca3a
[2018-12-11 15:27:41,984] [INFO] [bogon][conftest.py - line:29] driver初始化
[2018-12-11 15:27:46,310] [INFO] [bogon][test_home.py - line:24] 初始化首页模块
[2018-12-11 15:27:49,423] [INFO] [bogon][base.py - line:53] 点击元素:搜索
[2018-12-11 15:27:49,844] [INFO] [bogon][base.py - line:67] 文员
[2018-12-11 15:27:49,909] [INFO] [bogon][base.py - line:139] 点击返回
[2018-12-11 15:27:50,151] [INFO] [bogon][base.py - line:139] 点击返回
[2018-12-11 15:27:50,152] [INFO] [bogon][test_home.py - line:26] 结束首页模块
[2018-12-11 15:27:50,152] [INFO] [bogon][conftest.py - line:34] 自动化测试结束!
[2018-12-11 15:27:50,355] [INFO] [bogon][conftest.py - line:27] 自动化测试开始!
[2018-12-11 15:27:50,355] [INFO] [bogon][driver.py - line:24] a3f8ca3a
[2018-12-11 15:27:50,355] [INFO] [bogon][driver.py - line:34] 连接设备:a3f8ca3a
[2018-12-11 15:27:50,355] [INFO] [bogon][conftest.py - line:29] driver初始化
[2018-12-11 15:27:54,801] [INFO] [bogon][test_home.py - line:24] 初始化首页模块
[2018-12-11 15:27:58,727] [INFO] [bogon][base.py - line:53] 点击元素:搜索
[2018-12-11 15:27:59,681] [INFO] [bogon][base.py - line:67] 文员
[2018-12-11 15:27:59,683] [INFO] [bogon][test_home.py - line:26] 结束首页模块
[2018-12-11 15:27:59,683] [INFO] [bogon][conftest.py - line:34] 自动化测试结束!
[2018-12-11 15:27:59,840] [INFO] [bogon][conftest.py - line:27] 自动化测试开始!
[2018-12-11 15:27:59,841] [INFO] [bogon][driver.py - line:24] a3f8ca3a
[2018-12-11 15:27:59,841] [INFO] [bogon][driver.py - line:34] 连接设备:a3f8ca3a
[2018-12-11 15:27:59,841] [INFO] [bogon][conftest.py - line:29] driver初始化
[2018-12-11 15:28:04,210] [INFO] [bogon][test_home.py - line:24] 初始化首页模块
[2018-12-11 15:28:08,258] [INFO] [bogon][base.py - line:53] 点击元素:搜索
[2018-12-11 15:28:08,890] [INFO] [bogon][base.py - line:67] 文员
[2018-12-11 15:28:08,948] [INFO] [bogon][base.py - line:139] 点击返回
[2018-12-11 15:28:09,179] [INFO] [bogon][base.py - line:139] 点击返回
[2018-12-11 15:28:09,180] [INFO] [bogon][test_home.py - line:26] 结束首页模块
[2018-12-11 15:28:09,181] [INFO] [bogon][conftest.py - line:34] 自动化测试结束!
[2018-12-11 15:28:09,319] [INFO] [bogon][conftest.py - line:27] 自动化测试开始!
[2018-12-11 15:28:09,320] [INFO] [bogon][driver.py - line:24] a3f8ca3a
[2018-12-11 15:28:09,321] [INFO] [bogon][driver.py - line:34] 连接设备:a3f8ca3a
[2018-12-11 15:28:09,321] [INFO] [bogon][conftest.py - line:29] driver初始化
[2018-12-11 15:28:13,620] [INFO] [bogon][test_home.py - line:24] 初始化首页模块
[2018-12-11 15:28:17,883] [INFO] [bogon][base.py - line:53] 点击元素:搜索
[2018-12-11 15:28:18,610] [INFO] [bogon][base.py - line:67] 文员
[2018-12-11 15:28:18,732] [INFO] [bogon][base.py - line:139] 点击返回
[2018-12-11 15:28:18,924] [INFO] [bogon][base.py - line:139] 点击返回
[2018-12-11 15:28:18,925] [INFO] [bogon][test_home.py - line:26] 结束首页模块
[2018-12-11 15:28:18,926] [INFO] [bogon][conftest.py - line:34] 自动化测试结束!
[2018-12-11 15:28:19,061] [INFO] [bogon][conftest.py - line:27] 自动化测试开始!
[2018-12-11 15:28:19,061] [INFO] [bogon][driver.py - line:24] a3f8ca3a
[2018-12-11 15:28:19,062] [INFO] [bogon][driver.py - line:34] 连接设备:a3f8ca3a
[2018-12-11 15:28:19,062] [INFO] [bogon][conftest.py - line:29] driver初始化
[2018-12-11 15:28:23,350] [INFO] [bogon][test_home.py - line:24] 初始化首页模块
[2018-12-11 15:28:27,848] [INFO] [bogon][base.py - line:53] 点击元素:更多
[2018-12-11 15:28:27,851] [INFO] [bogon][test_home.py - line:26] 结束首页模块
[2018-12-11 15:28:27,852] [INFO] [bogon][conftest.py - line:34] 自动化测试结束!
[2018-12-11 15:28:30,741] [INFO] [bogon][run.py - line:27] 报告地址:/Users/xinxi/PycharmProjects/atxdemo/reports/index.html
[2018-12-11 20:44:19,683] [INFO] [bogon][conftest.py - line:27] 自动化测试开始!
[2018-12-11 20:44:19,685] [INFO] [bogon][driver.py - line:25] a3f8ca3a
[2018-12-11 20:44:19,687] [INFO] [bogon][driver.py - line:35] 连接设备:a3f8ca3a
[2018-12-11 20:44:19,687] [INFO] [bogon][conftest.py - line:29] driver初始化
[2018-12-11 20:45:02,569] [INFO] [bogon][conftest.py - line:27] 自动化测试开始!
[2018-12-11 20:45:02,569] [INFO] [bogon][driver.py - line:25] a3f8ca3a
[2018-12-11 20:45:02,570] [INFO] [bogon][driver.py - line:35] 连接设备:a3f8ca3a
[2018-12-11 20:45:02,570] [INFO] [bogon][conftest.py - line:29] driver初始化
[2018-12-11 20:45:40,006] [INFO] [bogon][conftest.py - line:27] 自动化测试开始!
[2018-12-11 20:45:40,006] [INFO] [bogon][driver.py - line:25] a3f8ca3a
[2018-12-11 20:45:40,007] [INFO] [bogon][driver.py - line:35] 连接设备:a3f8ca3a
[2018-12-11 20:45:40,007] [INFO] [bogon][conftest.py - line:29] driver初始化
[2018-12-11 20:46:02,860] [INFO] [bogon][conftest.py - line:114] ios自动化测试开始!
[2018-12-11 20:46:06,258] [INFO] [bogon][driver.py - line:49] 初始化ios端driver异常!global name 'time' is not defined
[2018-12-11 20:46:06,259] [INFO] [bogon][conftest.py - line:116] driver初始化
[2018-12-11 20:46:26,584] [INFO] [bogon][conftest.py - line:114] ios自动化测试开始!
[2018-12-11 20:46:32,465] [INFO] [bogon][conftest.py - line:116] driver初始化
[2018-12-11 20:47:04,548] [INFO] [bogon][conftest.py - line:114] ios自动化测试开始!
[2018-12-11 20:47:10,674] [INFO] [bogon][conftest.py - line:116] driver初始化
[2018-12-11 20:48:11,829] [INFO] [bogon][conftest.py - line:114] ios自动化测试开始!
[2018-12-11 20:48:17,801] [INFO] [bogon][conftest.py - line:116] driver初始化
[2018-12-11 20:49:27,504] [INFO] [bogon][conftest.py - line:114] ios自动化测试开始!
[2018-12-11 20:49:33,268] [INFO] [bogon][conftest.py - line:116] driver初始化
[2018-12-11 20:49:36,585] [INFO] [bogon][conftest.py - line:119] ios自动化测试结束!
[2018-12-11 20:50:46,330] [INFO] [bogon][conftest.py - line:114] ios自动化测试开始!
[2018-12-11 20:50:54,041] [INFO] [bogon][conftest.py - line:116] driver初始化
[2018-12-11 20:51:49,340] [INFO] [bogon][conftest.py - line:114] ios自动化测试开始!
[2018-12-11 20:52:00,144] [INFO] [bogon][conftest.py - line:116] driver初始化
[2018-12-11 20:52:14,607] [INFO] [bogon][test_home.py - line:22] 初始化首页模块
[2018-12-11 20:52:14,628] [INFO] [bogon][conftest.py - line:119] ios自动化测试结束!
[2018-12-11 21:05:07,872] [INFO] [bogon][conftest.py - line:114] ios自动化测试开始!
[2018-12-11 21:05:11,597] [INFO] [bogon][driver.py - line:49] 初始化ios端driver异常!HTTPConnectionPool(host='localhost', port=8100): Max retries exceeded with url: /session/5BC56C4F-0D82-4136-A468-2D46ACD3BAD8 (Caused by NewConnectionError('<urllib3.connection.HTTPConnection object at 0x119bcea50>: Failed to establish a new connection: [Errno 61] Connection refused',))
[2018-12-11 21:05:11,597] [INFO] [bogon][conftest.py - line:116] driver初始化
[2018-12-11 21:05:50,837] [INFO] [bogon][conftest.py - line:114] ios自动化测试开始!
[2018-12-11 21:05:51,864] [INFO] [bogon][driver.py - line:49] 初始化ios端driver异常!HTTPConnectionPool(host='localhost', port=8100): Max retries exceeded with url: /session (Caused by NewConnectionError('<urllib3.connection.HTTPConnection object at 0x114c28310>: Failed to establish a new connection: [Errno 61] Connection refused',))
[2018-12-11 21:05:51,864] [INFO] [bogon][conftest.py - line:116] driver初始化
[2018-12-11 21:06:01,446] [INFO] [bogon][conftest.py - line:114] ios自动化测试开始!
[2018-12-11 21:06:02,471] [INFO] [bogon][driver.py - line:49] 初始化ios端driver异常!HTTPConnectionPool(host='localhost', port=8100): Max retries exceeded with url: /session (Caused by NewConnectionError('<urllib3.connection.HTTPConnection object at 0x11346d310>: Failed to establish a new connection: [Errno 61] Connection refused',))
[2018-12-11 21:06:02,472] [INFO] [bogon][conftest.py - line:116] driver初始化
[2018-12-11 21:06:24,721] [INFO] [bogon][conftest.py - line:114] ios自动化测试开始!
[2018-12-11 21:06:25,743] [INFO] [bogon][driver.py - line:49] 初始化ios端driver异常!HTTPConnectionPool(host='localhost', port=8100): Max retries exceeded with url: /session (Caused by NewConnectionError('<urllib3.connection.HTTPConnection object at 0x119301310>: Failed to establish a new connection: [Errno 61] Connection refused',))
[2018-12-11 21:06:25,744] [INFO] [bogon][conftest.py - line:116] driver初始化
[2018-12-11 21:06:38,686] [INFO] [bogon][conftest.py - line:114] ios自动化测试开始!
[2018-12-11 21:06:39,709] [INFO] [bogon][driver.py - line:49] 初始化ios端driver异常!HTTPConnectionPool(host='localhost', port=8100): Max retries exceeded with url: /session (Caused by NewConnectionError('<urllib3.connection.HTTPConnection object at 0x115741310>: Failed to establish a new connection: [Errno 61] Connection refused',))
[2018-12-11 21:06:39,710] [INFO] [bogon][conftest.py - line:116] driver初始化
[2018-12-11 21:07:21,095] [INFO] [bogon][conftest.py - line:114] ios自动化测试开始!
[2018-12-11 21:08:30,029] [INFO] [bogon][conftest.py - line:114] ios自动化测试开始!
[2018-12-11 21:08:31,058] [INFO] [bogon][driver.py - line:49] 初始化ios端driver异常!HTTPConnectionPool(host='localhost', port=8100): Max retries exceeded with url: /session (Caused by NewConnectionError('<urllib3.connection.HTTPConnection object at 0x120eee310>: Failed to establish a new connection: [Errno 61] Connection refused',))
[2018-12-11 21:08:31,058] [INFO] [bogon][conftest.py - line:116] driver初始化
[2018-12-11 21:08:57,636] [INFO] [bogon][conftest.py - line:114] ios自动化测试开始!
[2018-12-11 21:08:58,662] [INFO] [bogon][driver.py - line:49] 初始化ios端driver异常!HTTPConnectionPool(host='localhost', port=8100): Max retries exceeded with url: /session (Caused by NewConnectionError('<urllib3.connection.HTTPConnection object at 0x11d143310>: Failed to establish a new connection: [Errno 61] Connection refused',))
[2018-12-11 21:08:58,662] [INFO] [bogon][conftest.py - line:116] driver初始化
[2018-12-11 21:09:25,076] [INFO] [bogon][conftest.py - line:114] ios自动化测试开始!
[2018-12-11 21:09:26,098] [INFO] [bogon][driver.py - line:49] 初始化ios端driver异常!HTTPConnectionPool(host='localhost', port=8100): Max retries exceeded with url: /session (Caused by NewConnectionError('<urllib3.connection.HTTPConnection object at 0x11dc67310>: Failed to establish a new connection: [Errno 61] Connection refused',))
[2018-12-11 21:09:26,099] [INFO] [bogon][conftest.py - line:116] driver初始化
[2018-12-11 21:11:56,896] [INFO] [bogon][conftest.py - line:114] ios自动化测试开始!
[2018-12-11 21:11:58,129] [INFO] [bogon][driver.py - line:49] 初始化ios端driver异常!('Connection aborted.', error(54, 'Connection reset by peer'))
[2018-12-11 21:11:58,129] [INFO] [bogon][conftest.py - line:116] driver初始化
